This is XeTeX, Version 3.14159265-2.6-0.999991 (TeX Live 2019/W32TeX) (preloaded format=xelatex 2020.2.2)  24 MAY 2020 09:15
entering extended mode
 restricted \write18 enabled.
 file:line:error style messages enabled.
 %&-line parsing enabled.
**solution
(./solution.tex
LaTeX2e <2019-10-01> patch level 3

./solution.tex:1: LaTeX Error: Environment Parallel undefined.

See the LaTeX manual or LaTeX Companion for explanation.
Type  H <return>  for immediate help.
 ...                                              
                                                  
l.1 \begin{Parallel}
                    [v]{0.47\textwidth}{0.47\textwidth}
Your command was ignored.
Type  I <command> <return>  to replace it with another command,
or  <return>  to continue without it.


./solution.tex:1: LaTeX Error: Missing \begin{document}.

See the LaTeX manual or LaTeX Companion for explanation.
Type  H <return>  for immediate help.
 ...                                              
                                                  
l.1 \begin{Parallel}[
                     v]{0.47\textwidth}{0.47\textwidth}
You're in trouble here.  Try typing  <return>  to proceed.
If that doesn't work, type  X <return>  to quit.

Missing character: There is no [ in font nullfont!
Missing character: There is no v in font nullfont!
Missing character: There is no ] in font nullfont!
Missing character: There is no 0 in font nullfont!
Missing character: There is no . in font nullfont!
Missing character: There is no 4 in font nullfont!
Missing character: There is no 7 in font nullfont!
./solution.tex:1: Missing number, treated as zero.
<to be read again> 
                   }
l.1 \begin{Parallel}[v]{0.47\textwidth}
                                       {0.47\textwidth}
A number should have been here; I inserted `0'.
(If you can't figure out why I needed to see a number,
look up `weird error' in the index to The TeXbook.)

./solution.tex:1: Illegal unit of measure (pt inserted).
<to be read again> 
                   }
l.1 \begin{Parallel}[v]{0.47\textwidth}
                                       {0.47\textwidth}
Dimensions can be in units of em, ex, in, pt, pc,
cm, mm, dd, cc, bp, or sp; but yours is a new one!
I'll assume that you meant to say pt, for printer's points.
To recover gracefully from this error, it's best to
delete the erroneous units; e.g., type `2' to delete
two letters. (See Chapter 27 of The TeXbook.)

Missing character: There is no 0 in font nullfont!
Missing character: There is no . in font nullfont!
Missing character: There is no 4 in font nullfont!
Missing character: There is no 7 in font nullfont!
./solution.tex:1: Missing number, treated as zero.
<to be read again> 
                   }
l.1 ...arallel}[v]{0.47\textwidth}{0.47\textwidth}
                                                  
A number should have been here; I inserted `0'.
(If you can't figure out why I needed to see a number,
look up `weird error' in the index to The TeXbook.)

./solution.tex:1: Illegal unit of measure (pt inserted).
<to be read again> 
                   }
l.1 ...arallel}[v]{0.47\textwidth}{0.47\textwidth}
                                                  
Dimensions can be in units of em, ex, in, pt, pc,
cm, mm, dd, cc, bp, or sp; but yours is a new one!
I'll assume that you meant to say pt, for printer's points.
To recover gracefully from this error, it's best to
delete the erroneous units; e.g., type `2' to delete
two letters. (See Chapter 27 of The TeXbook.)


Overfull \hbox (20.0pt too wide) in paragraph at lines 1--2
[] 
 []

./solution.tex:4: Undefined control sequence.
l.4 \ParallelLText
                  
The control sequence at the end of the top line
of your error message was never \def'ed. If you have
misspelled it (e.g., `\hobx'), type `I' and the correct
spelling (e.g., `I\hbox'). Otherwise just continue,
and I'll forget about whatever was undefined.


./solution.tex:6: LaTeX Error: Missing \begin{document}.

See the LaTeX manual or LaTeX Companion for explanation.
Type  H <return>  for immediate help.
 ...                                              
                                                  
l.6 \(
       (A_i, B_i) = (0, 0) \) のイワシは他のどの個体とも仲が悪いので，「\( (A_i, B_i) = (0, 0) \)...
You're in trouble here.  Try typing  <return>  to proceed.
If that doesn't work, type  X <return>  to quit.

LaTeX Font Info:    External font `cmex10' loaded for size
(Font)              <7> on input line 6.
LaTeX Font Info:    External font `cmex10' loaded for size
(Font)              <5> on input line 6.
Missing character: There is no の in font nullfont!
Missing character: There is no イ in font nullfont!
Missing character: There is no ワ in font nullfont!
Missing character: There is no シ in font nullfont!
Missing character: There is no は in font nullfont!
Missing character: There is no 他 in font nullfont!
Missing character: There is no の in font nullfont!
Missing character: There is no ど in font nullfont!
Missing character: There is no の in font nullfont!
Missing character: There is no 個 in font nullfont!
Missing character: There is no 体 in font nullfont!
Missing character: There is no と in font nullfont!
Missing character: There is no も in font nullfont!
Missing character: There is no 仲 in font nullfont!
Missing character: There is no が in font nullfont!
Missing character: There is no 悪 in font nullfont!
Missing character: There is no い in font nullfont!
Missing character: There is no の in font nullfont!
Missing character: There is no で in font nullfont!
Missing character: There is no ， in font nullfont!
Missing character: There is no 「 in font nullfont!
Missing character: There is no な in font nullfont!
Missing character: There is no イ in font nullfont!
Missing character: There is no ワ in font nullfont!
Missing character: There is no シ in font nullfont!
Missing character: There is no を in font nullfont!
Missing character: There is no ど in font nullfont!
Missing character: There is no れ in font nullfont!
Missing character: There is no か in font nullfont!
Missing character: There is no 1 in font nullfont!
Missing character: There is no 匹 in font nullfont!
Missing character: There is no だ in font nullfont!
Missing character: There is no け in font nullfont!
Missing character: There is no 選 in font nullfont!
Missing character: There is no ぶ in font nullfont!
Missing character: There is no 」 in font nullfont!
Missing character: There is no 「 in font nullfont!
Missing character: There is no な in font nullfont!
Missing character: There is no イ in font nullfont!
Missing character: There is no ワ in font nullfont!
Missing character: There is no シ in font nullfont!
Missing character: There is no を in font nullfont!
Missing character: There is no ど in font nullfont!
Missing character: There is no れ in font nullfont!
Missing character: There is no も in font nullfont!
Missing character: There is no 選 in font nullfont!
Missing character: There is no ば in font nullfont!
Missing character: There is no な in font nullfont!
Missing character: There is no い in font nullfont!
Missing character: There is no 」 in font nullfont!
Missing character: There is no の in font nullfont!
Missing character: There is no い in font nullfont!
Missing character: There is no ず in font nullfont!
Missing character: There is no れ in font nullfont!
Missing character: There is no か in font nullfont!
Missing character: There is no で in font nullfont!
Missing character: There is no す in font nullfont!
Missing character: There is no ． in font nullfont!
Missing character: There is no 勿 in font nullfont!
Missing character: There is no 論 in font nullfont!
Missing character: There is no ， in font nullfont!
Missing character: There is no 前 in font nullfont!
Missing character: There is no 者 in font nullfont!
Missing character: There is no の in font nullfont!
Missing character: There is no 選 in font nullfont!
Missing character: There is no び in font nullfont!
Missing character: There is no 方 in font nullfont!
Missing character: There is no は in font nullfont!
Missing character: There is no そ in font nullfont!
Missing character: There is no の in font nullfont!
Missing character: There is no よ in font nullfont!
Missing character: There is no う in font nullfont!
Missing character: There is no な in font nullfont!
Missing character: There is no イ in font nullfont!
Missing character: There is no ワ in font nullfont!
Missing character: There is no シ in font nullfont!
Missing character: There is no の in font nullfont!
Missing character: There is no 個 in font nullfont!
Missing character: There is no 数 in font nullfont!
Missing character: There is no に in font nullfont!
Missing character: There is no 等 in font nullfont!
Missing character: There is no し in font nullfont!
Missing character: There is no い in font nullfont!
Missing character: There is no の in font nullfont!
Missing character: There is no で in font nullfont!
Missing character: There is no ， in font nullfont!
Missing character: There is no 以 in font nullfont!
Missing character: There is no 下 in font nullfont!
Missing character: There is no で in font nullfont!
Missing character: There is no は in font nullfont!
Missing character: There is no な in font nullfont!
Missing character: There is no イ in font nullfont!
Missing character: There is no ワ in font nullfont!
Missing character: There is no シ in font nullfont!
Missing character: There is no を in font nullfont!
Missing character: There is no 除 in font nullfont!
Missing character: There is no 外 in font nullfont!
Missing character: There is no し in font nullfont!
Missing character: There is no て in font nullfont!
Missing character: There is no 考 in font nullfont!
Missing character: There is no え in font nullfont!
Missing character: There is no ま in font nullfont!
Missing character: There is no す in font nullfont!
Missing character: There is no ． in font nullfont!
./solution.tex:8: Undefined control sequence.
l.8 \ParallelRText
                  
The control sequence at the end of the top line
of your error message was never \def'ed. If you have
misspelled it (e.g., `\hobx'), type `I' and the correct
spelling (e.g., `I\hbox'). Otherwise just continue,
and I'll forget about whatever was undefined.

Missing character: There is no 的 in font nullfont!
Missing character: There is no 沙 in font nullfont!
Missing character: There is no 丁 in font nullfont!
Missing character: There is no 鱼 in font nullfont!
Missing character: There is no 会 in font nullfont!
Missing character: There is no 和 in font nullfont!
Missing character: There is no 任 in font nullfont!
Missing character: There is no 意 in font nullfont!
Missing character: There is no 的 in font nullfont!
Missing character: There is no 沙 in font nullfont!
Missing character: There is no 丁 in font nullfont!
Missing character: There is no 鱼 in font nullfont!
Missing character: There is no 组 in font nullfont!
Missing character: There is no 合 in font nullfont!
Missing character: There is no 都 in font nullfont!
Missing character: There is no 会 in font nullfont!
Missing character: There is no 腐 in font nullfont!
Missing character: There is no 化 in font nullfont!
Missing character: There is no ， in font nullfont!
Missing character: There is no 就 in font nullfont!
Missing character: There is no 有 in font nullfont!
Missing character: There is no 只 in font nullfont!
Missing character: There is no 选 in font nullfont!
Missing character: There is no 一 in font nullfont!
Missing character: There is no 只 in font nullfont!
Missing character: There is no 的 in font nullfont!
Missing character: There is no 沙 in font nullfont!
Missing character: There is no 丁 in font nullfont!
Missing character: There is no 鱼 in font nullfont!
Missing character: There is no ， in font nullfont!
Missing character: There is no 和 in font nullfont!
Missing character: There is no 一 in font nullfont!
Missing character: There is no 只 in font nullfont!
Missing character: There is no 都 in font nullfont!
Missing character: There is no 不 in font nullfont!
Missing character: There is no 选 in font nullfont!
Missing character: There is no 这 in font nullfont!
Missing character: There is no 两 in font nullfont!
Missing character: There is no 类 in font nullfont!
Missing character: There is no ， in font nullfont!
Missing character: There is no 显 in font nullfont!
Missing character: There is no 然 in font nullfont!
Missing character: There is no ， in font nullfont!
Missing character: There is no 前 in font nullfont!
Missing character: There is no 者 in font nullfont!
Missing character: There is no 的 in font nullfont!
Missing character: There is no 选 in font nullfont!
Missing character: There is no 法 in font nullfont!
Missing character: There is no 和 in font nullfont!
Missing character: There is no 的 in font nullfont!
Missing character: There is no 沙 in font nullfont!
Missing character: There is no 丁 in font nullfont!
Missing character: There is no 鱼 in font nullfont!
Missing character: There is no 数 in font nullfont!
Missing character: There is no 量 in font nullfont!
Missing character: There is no 一 in font nullfont!
Missing character: There is no 样 in font nullfont!
Missing character: There is no 。 in font nullfont!
Missing character: There is no 接 in font nullfont!
Missing character: There is no 下 in font nullfont!
Missing character: There is no 来 in font nullfont!
Missing character: There is no 主 in font nullfont!
Missing character: There is no 要 in font nullfont!
Missing character: There is no 对 in font nullfont!
Missing character: There is no 后 in font nullfont!
Missing character: There is no 者 in font nullfont!
Missing character: There is no 情 in font nullfont!
Missing character: There is no 况 in font nullfont!
Missing character: There is no 讨 in font nullfont!
Missing character: There is no 论 in font nullfont!
Missing character: There is no ， in font nullfont!
Missing character: There is no 即 in font nullfont!
Missing character: There is no . in font nullfont!
./solution.tex:12: Undefined control sequence.
l.12 \ParallelPar
                 
The control sequence at the end of the top line
of your error message was never \def'ed. If you have
misspelled it (e.g., `\hobx'), type `I' and the correct
spelling (e.g., `I\hbox'). Otherwise just continue,
and I'll forget about whatever was undefined.


Overfull \hbox (64.5214pt too wide) in paragraph at lines 6--13
[]$\OT1/cmr/m/n/10 (\OML/cmm/m/it/10 A[]; B[]\OT1/cmr/m/n/10 ) =
 []


Overfull \hbox (22.22224pt too wide) in paragraph at lines 6--13
\OT1/cmr/m/n/10 (0\OML/cmm/m/it/10 ; \OT1/cmr/m/n/10 0)$
 []


Overfull \hbox (44.5214pt too wide) in paragraph at lines 6--13
\OT1/cmr/m/n/10 (\OML/cmm/m/it/10 A[]; B[]\OT1/cmr/m/n/10 ) =
 []


Overfull \hbox (22.22224pt too wide) in paragraph at lines 6--13
\OT1/cmr/m/n/10 (0\OML/cmm/m/it/10 ; \OT1/cmr/m/n/10 0)$
 []


Overfull \hbox (44.5214pt too wide) in paragraph at lines 6--13
\OT1/cmr/m/n/10 (\OML/cmm/m/it/10 A[]; B[]\OT1/cmr/m/n/10 ) =
 []


Overfull \hbox (66.74364pt too wide) in paragraph at lines 6--13
\OT1/cmr/m/n/10 (0\OML/cmm/m/it/10 ; \OT1/cmr/m/n/10 0)$$(\OML/cmm/m/it/10 A[]; B[]\OT1/cmr/m/n/10 ) =
 []


Overfull \hbox (22.22224pt too wide) in paragraph at lines 6--13
\OT1/cmr/m/n/10 (0\OML/cmm/m/it/10 ; \OT1/cmr/m/n/10 0)$
 []


Overfull \hbox (44.5214pt too wide) in paragraph at lines 6--13
\OT1/cmr/m/n/10 (\OML/cmm/m/it/10 A[]; B[]\OT1/cmr/m/n/10 ) =
 []


Overfull \hbox (66.74364pt too wide) in paragraph at lines 6--13
\OT1/cmr/m/n/10 (0\OML/cmm/m/it/10 ; \OT1/cmr/m/n/10 0)$$(\OML/cmm/m/it/10 A[]; B[]\OT1/cmr/m/n/10 ) =
 []


Overfull \hbox (66.74364pt too wide) in paragraph at lines 6--13
\OT1/cmr/m/n/10 (0\OML/cmm/m/it/10 ; \OT1/cmr/m/n/10 0)$$(\OML/cmm/m/it/10 A[]; B[]\OT1/cmr/m/n/10 ) =
 []


Overfull \hbox (66.74364pt too wide) in paragraph at lines 6--13
\OT1/cmr/m/n/10 (0\OML/cmm/m/it/10 ; \OT1/cmr/m/n/10 0)$$(\OML/cmm/m/it/10 A[]; B[]\OT1/cmr/m/n/10 ) =
 []


Overfull \hbox (66.74364pt too wide) in paragraph at lines 6--13
\OT1/cmr/m/n/10 (0\OML/cmm/m/it/10 ; \OT1/cmr/m/n/10 0)$$(\OML/cmm/m/it/10 A[]; B[]\OT1/cmr/m/n/10 ) \OMS/cmsy/m/n/10 6\OT1/cmr/m/n/10 =
 []


Overfull \hbox (22.22224pt too wide) in paragraph at lines 6--13
\OT1/cmr/m/n/10 (0\OML/cmm/m/it/10 ; \OT1/cmr/m/n/10 0)$
 []

./solution.tex:14: Undefined control sequence.
l.14 \ParallelLText
                   {
The control sequence at the end of the top line
of your error message was never \def'ed. If you have
misspelled it (e.g., `\hobx'), type `I' and the correct
spelling (e.g., `I\hbox'). Otherwise just continue,
and I'll forget about whatever was undefined.


./solution.tex:15: LaTeX Error: Missing \begin{document}.

See the LaTeX manual or LaTeX Companion for explanation.
Type  H <return>  for immediate help.
 ...                                              
                                                  
l.15     イ
          ワシの「\ruby{傾}{かたむ}き」を \( \frac{A_i}{B_i} \) として，これを\ruby{既約}{きやく} \...
You're in trouble here.  Try typing  <return>  to proceed.
If that doesn't work, type  X <return>  to quit.

Missing character: There is no イ in font nullfont!
Missing character: There is no ワ in font nullfont!
Missing character: There is no シ in font nullfont!
Missing character: There is no の in font nullfont!
Missing character: There is no 「 in font nullfont!
./solution.tex:15: Undefined control sequence.
l.15     イワシの「\ruby
                   {傾}{かたむ}き」を \( \frac{A_i}{B_i} \) として，これを\ruby{既約}{きやく} \...
The control sequence at the end of the top line
of your error message was never \def'ed. If you have
misspelled it (e.g., `\hobx'), type `I' and the correct
spelling (e.g., `I\hbox'). Otherwise just continue,
and I'll forget about whatever was undefined.

Missing character: There is no 傾 in font nullfont!
Missing character: There is no か in font nullfont!
Missing character: There is no た in font nullfont!
Missing character: There is no む in font nullfont!
Missing character: There is no き in font nullfont!
Missing character: There is no 」 in font nullfont!
Missing character: There is no を in font nullfont!
Missing character: There is no と in font nullfont!
Missing character: There is no し in font nullfont!
Missing character: There is no て in font nullfont!
Missing character: There is no ， in font nullfont!
Missing character: There is no こ in font nullfont!
Missing character: There is no れ in font nullfont!
Missing character: There is no を in font nullfont!
./solution.tex:15: Undefined control sequence.
l.15 ...かたむ}き」を \( \frac{A_i}{B_i} \) として，これを\ruby
                                                  {既約}{きやく} \ruby{分数}{ぶんすう}で...
The control sequence at the end of the top line
of your error message was never \def'ed. If you have
misspelled it (e.g., `\hobx'), type `I' and the correct
spelling (e.g., `I\hbox'). Otherwise just continue,
and I'll forget about whatever was undefined.

Missing character: There is no 既 in font nullfont!
Missing character: There is no 約 in font nullfont!
Missing character: There is no き in font nullfont!
Missing character: There is no や in font nullfont!
Missing character: There is no く in font nullfont!
./solution.tex:15: Undefined control sequence.
l.15 ...c{A_i}{B_i} \) として，これを\ruby{既約}{きやく} \ruby
                                                  {分数}{ぶんすう}で表すことを考えます．具体的には...
The control sequence at the end of the top line
of your error message was never \def'ed. If you have
misspelled it (e.g., `\hobx'), type `I' and the correct
spelling (e.g., `I\hbox'). Otherwise just continue,
and I'll forget about whatever was undefined.

Missing character: There is no 分 in font nullfont!
Missing character: There is no 数 in font nullfont!
Missing character: There is no ぶ in font nullfont!
Missing character: There is no ん in font nullfont!
Missing character: There is no す in font nullfont!
Missing character: There is no う in font nullfont!
Missing character: There is no で in font nullfont!
Missing character: There is no 表 in font nullfont!
Missing character: There is no す in font nullfont!
Missing character: There is no こ in font nullfont!
Missing character: There is no と in font nullfont!
Missing character: There is no を in font nullfont!
Missing character: There is no 考 in font nullfont!
Missing character: There is no え in font nullfont!
Missing character: There is no ま in font nullfont!
Missing character: There is no す in font nullfont!
Missing character: There is no ． in font nullfont!
Missing character: There is no 具 in font nullfont!
Missing character: There is no 体 in font nullfont!
Missing character: There is no 的 in font nullfont!
Missing character: There is no に in font nullfont!
Missing character: There is no は in font nullfont!
Missing character: There is no ， in font nullfont!
Missing character: There is no 次 in font nullfont!
Missing character: There is no の in font nullfont!
Missing character: There is no よ in font nullfont!
Missing character: There is no う in font nullfont!
Missing character: There is no に in font nullfont!
Missing character: There is no 決 in font nullfont!
Missing character: There is no め in font nullfont!
Missing character: There is no ま in font nullfont!
Missing character: There is no す in font nullfont!
./solution.tex:17: Undefined control sequence.
l.17 \ParallelRText
                   {
The control sequence at the end of the top line
of your error message was never \def'ed. If you have
misspelled it (e.g., `\hobx'), type `I' and the correct
spelling (e.g., `I\hbox'). Otherwise just continue,
and I'll forget about whatever was undefined.

Missing character: There is no 定 in font nullfont!
Missing character: There is no 义 in font nullfont!
Missing character: There is no 沙 in font nullfont!
Missing character: There is no 丁 in font nullfont!
Missing character: There is no 鱼 in font nullfont!
Missing character: There is no 的 in font nullfont!
Missing character: There is no “ in font nullfont!
Missing character: There is no 斜 in font nullfont!
Missing character: There is no 率 in font nullfont!
Missing character: There is no ” in font nullfont!
Missing character: There is no 为 in font nullfont!
Missing character: There is no ， in font nullfont!
Missing character: There is no 并 in font nullfont!
Missing character: There is no 且 in font nullfont!
Missing character: There is no 这 in font nullfont!
Missing character: There is no 个 in font nullfont!
Missing character: There is no 数 in font nullfont!
Missing character: There is no 值 in font nullfont!
Missing character: There is no 要 in font nullfont!
Missing character: There is no 表 in font nullfont!
Missing character: There is no 示 in font nullfont!
Missing character: There is no 为 in font nullfont!
Missing character: There is no 分 in font nullfont!
Missing character: There is no 数 in font nullfont!
Missing character: There is no 约 in font nullfont!
Missing character: There is no 分 in font nullfont!
Missing character: There is no 后 in font nullfont!
Missing character: There is no 的 in font nullfont!
Missing character: There is no 结 in font nullfont!
Missing character: There is no 果 in font nullfont!
Missing character: There is no 。 in font nullfont!
Missing character: There is no 更 in font nullfont!
Missing character: There is no 具 in font nullfont!
Missing character: There is no 体 in font nullfont!
Missing character: There is no 的 in font nullfont!
Missing character: There is no 规 in font nullfont!
Missing character: There is no 则 in font nullfont!
Missing character: There is no 如 in font nullfont!
Missing character: There is no 下 in font nullfont!
Missing character: There is no 所 in font nullfont!
Missing character: There is no 示 in font nullfont!

Overfull \hbox (20.0pt too wide) in paragraph at lines 15--19
[]
 []


Overfull \hbox (11.61006pt too wide) in paragraph at lines 15--19
[]$
 []


Overfull \hbox (11.61006pt too wide) in paragraph at lines 15--19
[]$
 []

./solution.tex:21: Undefined control sequence.
l.21 \ParallelPar
                 
The control sequence at the end of the top line
of your error message was never \def'ed. If you have
misspelled it (e.g., `\hobx'), type `I' and the correct
spelling (e.g., `I\hbox'). Otherwise just continue,
and I'll forget about whatever was undefined.


./solution.tex:23: LaTeX Error: \begin{document} ended by \end{Parallel}.

See the LaTeX manual or LaTeX Companion for explanation.
Type  H <return>  for immediate help.
 ...                                              
                                                  
l.23 \end{Parallel}
                   
Your command was ignored.
Type  I <command> <return>  to replace it with another command,
or  <return>  to continue without it.


./solution.tex:24: LaTeX Error: Missing \begin{document}.

See the LaTeX manual or LaTeX Companion for explanation.
Type  H <return>  for immediate help.
 ...                                              
                                                  
l.24 \begin{enumerate}
                      
You're in trouble here.  Try typing  <return>  to proceed.
If that doesn't work, type  X <return>  to quit.


Overfull \hbox (20.0pt too wide) in paragraph at lines 24--24
[] 
 []

Missing character: There is no の in font nullfont!
Missing character: There is no と in font nullfont!
Missing character: There is no き in font nullfont!
Missing character: There is no 、 in font nullfont!
Missing character: There is no 傾 in font nullfont!
Missing character: There is no き in font nullfont!
Missing character: There is no は in font nullfont!
Missing character: There is no 1 in font nullfont!
Missing character: There is no / in font nullfont!
Missing character: There is no 0 in font nullfont!

Overfull \hbox (21.46988pt too wide) in paragraph at lines 25--26
\OML/cmm/m/it/10 B[] \OT1/cmr/m/n/10 =
 []


Overfull \hbox (5.00002pt too wide) in paragraph at lines 25--26
\OT1/cmr/m/n/10 0$ 
 []

./solution.tex:27: Undefined control sequence.
l.27 \textcolor
               {red}{
The control sequence at the end of the top line
of your error message was never \def'ed. If you have
misspelled it (e.g., `\hobx'), type `I' and the correct
spelling (e.g., `I\hbox'). Otherwise just continue,
and I'll forget about whatever was undefined.

Missing character: There is no r in font nullfont!
Missing character: There is no e in font nullfont!
Missing character: There is no d in font nullfont!
Missing character: There is no 时 in font nullfont!
Missing character: There is no ， in font nullfont!
Missing character: There is no 斜 in font nullfont!
Missing character: There is no 率 in font nullfont!
Missing character: There is no 为 in font nullfont!
Missing character: There is no 1 in font nullfont!
Missing character: There is no / in font nullfont!
Missing character: There is no 0 in font nullfont!
Missing character: There is no の in font nullfont!
Missing character: There is no と in font nullfont!
Missing character: There is no き in font nullfont!
Missing character: There is no 、 in font nullfont!
Missing character: There is no 傾 in font nullfont!
Missing character: There is no き in font nullfont!
Missing character: There is no は in font nullfont!

Overfull \hbox (21.46988pt too wide) in paragraph at lines 31--32
\OML/cmm/m/it/10 B[] >
 []


Overfull \hbox (92.75052pt too wide) in paragraph at lines 31--32
\OT1/cmr/m/n/10 0$$[]\OML/cmm/m/it/10 =[]$ 
 []

./solution.tex:33: Undefined control sequence.
l.33 \textcolor
               {red}{
The control sequence at the end of the top line
of your error message was never \def'ed. If you have
misspelled it (e.g., `\hobx'), type `I' and the correct
spelling (e.g., `I\hbox'). Otherwise just continue,
and I'll forget about whatever was undefined.

Missing character: There is no r in font nullfont!
Missing character: There is no e in font nullfont!
Missing character: There is no d in font nullfont!
Missing character: There is no 时 in font nullfont!
Missing character: There is no ， in font nullfont!
Missing character: There is no 斜 in font nullfont!
Missing character: There is no 率 in font nullfont!
Missing character: There is no 为 in font nullfont!
Missing character: There is no の in font nullfont!
Missing character: There is no と in font nullfont!
Missing character: There is no き in font nullfont!
Missing character: There is no 、 in font nullfont!
Missing character: There is no 傾 in font nullfont!
Missing character: There is no き in font nullfont!
Missing character: There is no は in font nullfont!

Overfull \hbox (21.46988pt too wide) in paragraph at lines 38--39
\OML/cmm/m/it/10 B[] <
 []


Overfull \hbox (66.93088pt too wide) in paragraph at lines 38--39
\OT1/cmr/m/n/10 0$$\OMS/cmsy/m/n/10 ^^@[]\OML/cmm/m/it/10 = \OMS/cmsy/m/n/10 ^^@
 []


Overfull \hbox (41.37524pt too wide) in paragraph at lines 38--39
[]$ 
 []

./solution.tex:40: Undefined control sequence.
l.40 \textcolor
               {red}{
The control sequence at the end of the top line
of your error message was never \def'ed. If you have
misspelled it (e.g., `\hobx'), type `I' and the correct
spelling (e.g., `I\hbox'). Otherwise just continue,
and I'll forget about whatever was undefined.

Missing character: There is no r in font nullfont!
Missing character: There is no e in font nullfont!
Missing character: There is no d in font nullfont!
Missing character: There is no 时 in font nullfont!
Missing character: There is no ， in font nullfont!
Missing character: There is no 斜 in font nullfont!
Missing character: There is no 率 in font nullfont!
Missing character: There is no 为 in font nullfont!

./solution.tex:48: LaTeX Error: Environment Parallel undefined.

See the LaTeX manual or LaTeX Companion for explanation.
Type  H <return>  for immediate help.
 ...                                              
                                                  
l.48 \begin{Parallel}
                     [v]{0.47\textwidth}{0.47\textwidth}
Your command was ignored.
Type  I <command> <return>  to replace it with another command,
or  <return>  to continue without it.

Missing character: There is no [ in font nullfont!
Missing character: There is no v in font nullfont!
Missing character: There is no ] in font nullfont!
Missing character: There is no 0 in font nullfont!
Missing character: There is no . in font nullfont!
Missing character: There is no 4 in font nullfont!
Missing character: There is no 7 in font nullfont!
./solution.tex:48: Missing number, treated as zero.
<to be read again> 
                   }
l.48 \begin{Parallel}[v]{0.47\textwidth}
                                        {0.47\textwidth}
A number should have been here; I inserted `0'.
(If you can't figure out why I needed to see a number,
look up `weird error' in the index to The TeXbook.)

./solution.tex:48: Illegal unit of measure (pt inserted).
<to be read again> 
                   }
l.48 \begin{Parallel}[v]{0.47\textwidth}
                                        {0.47\textwidth}
Dimensions can be in units of em, ex, in, pt, pc,
cm, mm, dd, cc, bp, or sp; but yours is a new one!
I'll assume that you meant to say pt, for printer's points.
To recover gracefully from this error, it's best to
delete the erroneous units; e.g., type `2' to delete
two letters. (See Chapter 27 of The TeXbook.)

Missing character: There is no 0 in font nullfont!
Missing character: There is no . in font nullfont!
Missing character: There is no 4 in font nullfont!
Missing character: There is no 7 in font nullfont!
./solution.tex:48: Missing number, treated as zero.
<to be read again> 
                   }
l.48 ...rallel}[v]{0.47\textwidth}{0.47\textwidth}
                                                  
A number should have been here; I inserted `0'.
(If you can't figure out why I needed to see a number,
look up `weird error' in the index to The TeXbook.)

./solution.tex:48: Illegal unit of measure (pt inserted).
<to be read again> 
                   }
l.48 ...rallel}[v]{0.47\textwidth}{0.47\textwidth}
                                                  
Dimensions can be in units of em, ex, in, pt, pc,
cm, mm, dd, cc, bp, or sp; but yours is a new one!
I'll assume that you meant to say pt, for printer's points.
To recover gracefully from this error, it's best to
delete the erroneous units; e.g., type `2' to delete
two letters. (See Chapter 27 of The TeXbook.)

./solution.tex:49: Undefined control sequence.
l.49     \ParallelLText
                       {
The control sequence at the end of the top line
of your error message was never \def'ed. If you have
misspelled it (e.g., `\hobx'), type `I' and the correct
spelling (e.g., `I\hbox'). Otherwise just continue,
and I'll forget about whatever was undefined.

Missing character: There is no ち in font nullfont!
Missing character: There is no ょ in font nullfont!
Missing character: There is no っ in font nullfont!
Missing character: There is no と in font nullfont!
Missing character: There is no し in font nullfont!
Missing character: There is no た in font nullfont!
Missing character: There is no 場 in font nullfont!
Missing character: There is no 合 in font nullfont!
Missing character: There is no 分 in font nullfont!
Missing character: There is no け in font nullfont!
Missing character: There is no か in font nullfont!
Missing character: There is no ら in font nullfont!
Missing character: There is no ， in font nullfont!
Missing character: There is no 傾 in font nullfont!
Missing character: There is no き in font nullfont!
Missing character: There is no と in font nullfont!
Missing character: There is no 仲 in font nullfont!
Missing character: There is no の in font nullfont!
Missing character: There is no 悪 in font nullfont!
Missing character: There is no さ in font nullfont!
Missing character: There is no の in font nullfont!
Missing character: There is no 関 in font nullfont!
Missing character: There is no 係 in font nullfont!
Missing character: There is no に in font nullfont!
Missing character: There is no つ in font nullfont!
Missing character: There is no い in font nullfont!
Missing character: There is no て in font nullfont!
Missing character: There is no 次 in font nullfont!
Missing character: There is no の in font nullfont!
Missing character: There is no こ in font nullfont!
Missing character: There is no と in font nullfont!
Missing character: There is no が in font nullfont!
Missing character: There is no 言 in font nullfont!
Missing character: There is no え in font nullfont!
Missing character: There is no ま in font nullfont!
Missing character: There is no す in font nullfont!
Missing character: There is no ． in font nullfont!
./solution.tex:52: Undefined control sequence.
l.52     \ParallelRText
                       {
The control sequence at the end of the top line
of your error message was never \def'ed. If you have
misspelled it (e.g., `\hobx'), type `I' and the correct
spelling (e.g., `I\hbox'). Otherwise just continue,
and I'll forget about whatever was undefined.

Missing character: There is no 以 in font nullfont!
Missing character: There is no 下 in font nullfont!
Missing character: There is no 的 in font nullfont!
Missing character: There is no 情 in font nullfont!
Missing character: There is no 况 in font nullfont!
Missing character: There is no 中 in font nullfont!
Missing character: There is no 描 in font nullfont!
Missing character: There is no 述 in font nullfont!
Missing character: There is no 了 in font nullfont!
Missing character: There is no 斜 in font nullfont!
Missing character: There is no 率 in font nullfont!
Missing character: There is no 和 in font nullfont!
Missing character: There is no 相 in font nullfont!
Missing character: There is no 互 in font nullfont!
Missing character: There is no 腐 in font nullfont!
Missing character: There is no 化 in font nullfont!
Missing character: There is no 的 in font nullfont!
Missing character: There is no 关 in font nullfont!
Missing character: There is no 系 in font nullfont!

Overfull \hbox (20.0pt too wide) in paragraph at lines 48--54
[]
 []


./solution.tex:56: LaTeX Error: \begin{document} ended by \end{Parallel}.

See the LaTeX manual or LaTeX Companion for explanation.
Type  H <return>  for immediate help.
 ...                                              
                                                  
l.56 \end{Parallel}
                   
Your command was ignored.
Type  I <command> <return>  to replace it with another command,
or  <return>  to continue without it.


Overfull \hbox (20.0pt too wide) in paragraph at lines 58--58
[] 
 []

Missing character: There is no 傾 in font nullfont!
Missing character: There is no き in font nullfont!
Missing character: There is no 1 in font nullfont!
Missing character: There is no / in font nullfont!
Missing character: There is no 0 in font nullfont!
Missing character: There is no の in font nullfont!
Missing character: There is no イ in font nullfont!
Missing character: There is no ワ in font nullfont!
Missing character: There is no シ in font nullfont!
Missing character: There is no と in font nullfont!
Missing character: There is no 仲 in font nullfont!
Missing character: There is no が in font nullfont!
Missing character: There is no 悪 in font nullfont!
Missing character: There is no い in font nullfont!
Missing character: There is no の in font nullfont!
Missing character: There is no は in font nullfont!
Missing character: There is no ， in font nullfont!
Missing character: There is no 傾 in font nullfont!
Missing character: There is no き in font nullfont!
Missing character: There is no 0 in font nullfont!
Missing character: There is no / in font nullfont!
Missing character: There is no 1 in font nullfont!
Missing character: There is no の in font nullfont!
Missing character: There is no イ in font nullfont!
Missing character: There is no ワ in font nullfont!
Missing character: There is no シ in font nullfont!
Missing character: There is no 全 in font nullfont!
Missing character: There is no て in font nullfont!
Missing character: There is no の in font nullfont!
Missing character: There is no み in font nullfont!
Missing character: There is no ． in font nullfont!
Missing character: There is no 逆 in font nullfont!
Missing character: There is no も in font nullfont!
Missing character: There is no ま in font nullfont!
Missing character: There is no た in font nullfont!
Missing character: There is no 然 in font nullfont!
Missing character: There is no り in font nullfont!
Missing character: There is no ． in font nullfont!
./solution.tex:61: Undefined control sequence.
l.61 \textcolor
               {red}{
The control sequence at the end of the top line
of your error message was never \def'ed. If you have
misspelled it (e.g., `\hobx'), type `I' and the correct
spelling (e.g., `I\hbox'). Otherwise just continue,
and I'll forget about whatever was undefined.

Missing character: There is no r in font nullfont!
Missing character: There is no e in font nullfont!
Missing character: There is no d in font nullfont!
Missing character: There is no 斜 in font nullfont!
Missing character: There is no 率 in font nullfont!
Missing character: There is no 1 in font nullfont!
Missing character: There is no / in font nullfont!
Missing character: There is no 0 in font nullfont!
Missing character: There is no 的 in font nullfont!
Missing character: There is no 沙 in font nullfont!
Missing character: There is no 丁 in font nullfont!
Missing character: There is no 鱼 in font nullfont!
Missing character: There is no 会 in font nullfont!
Missing character: There is no 与 in font nullfont!
Missing character: There is no 斜 in font nullfont!
Missing character: There is no 率 in font nullfont!
Missing character: There is no 为 in font nullfont!
Missing character: There is no 0 in font nullfont!
Missing character: There is no / in font nullfont!
Missing character: There is no 1 in font nullfont!
Missing character: There is no 的 in font nullfont!
Missing character: There is no 发 in font nullfont!
Missing character: There is no 生 in font nullfont!
Missing character: There is no 腐 in font nullfont!
Missing character: There is no 化 in font nullfont!
Missing character: There is no ， in font nullfont!
Missing character: There is no 反 in font nullfont!
Missing character: There is no 之 in font nullfont!
Missing character: There is no 亦 in font nullfont!
Missing character: There is no 然 in font nullfont!
Missing character: There is no 傾 in font nullfont!
Missing character: There is no き in font nullfont!
Missing character: There is no a in font nullfont!
Missing character: There is no / in font nullfont!
Missing character: There is no b in font nullfont!
Missing character: There is no ( in font nullfont!
Missing character: There is no ) in font nullfont!
Missing character: There is no の in font nullfont!
Missing character: There is no イ in font nullfont!
Missing character: There is no ワ in font nullfont!
Missing character: There is no シ in font nullfont!
Missing character: There is no と in font nullfont!
Missing character: There is no 仲 in font nullfont!
Missing character: There is no が in font nullfont!
Missing character: There is no 悪 in font nullfont!
Missing character: There is no い in font nullfont!
Missing character: There is no の in font nullfont!
Missing character: There is no は in font nullfont!
Missing character: There is no ， in font nullfont!
Missing character: There is no 傾 in font nullfont!
Missing character: There is no き in font nullfont!
Missing character: There is no − in font nullfont!
Missing character: There is no b in font nullfont!
Missing character: There is no / in font nullfont!
Missing character: There is no a in font nullfont!
Missing character: There is no ( in font nullfont!
Missing character: There is no を in font nullfont!
Missing character: There is no a in font nullfont!
Missing character: There is no の in font nullfont!
Missing character: There is no 符 in font nullfont!
Missing character: There is no 号 in font nullfont!
Missing character: There is no で in font nullfont!
Missing character: There is no 通 in font nullfont!
Missing character: There is no 分 in font nullfont!
Missing character: There is no し in font nullfont!
Missing character: There is no た in font nullfont!
Missing character: There is no も in font nullfont!
Missing character: There is no の in font nullfont!
Missing character: There is no ) in font nullfont!
Missing character: There is no の in font nullfont!
Missing character: There is no イ in font nullfont!
Missing character: There is no ワ in font nullfont!
Missing character: There is no シ in font nullfont!
Missing character: There is no 全 in font nullfont!
Missing character: There is no て in font nullfont!
Missing character: There is no の in font nullfont!
Missing character: There is no み in font nullfont!
Missing character: There is no ． in font nullfont!
Missing character: There is no 逆 in font nullfont!
Missing character: There is no も in font nullfont!
Missing character: There is no ま in font nullfont!
Missing character: There is no た in font nullfont!
Missing character: There is no 然 in font nullfont!
Missing character: There is no り in font nullfont!
Missing character: There is no ． in font nullfont!

Overfull \hbox (24.57747pt too wide) in paragraph at lines 67--68
\OML/cmm/m/it/10 a; b \OMS/cmsy/m/n/10 6\OT1/cmr/m/n/10 =
 []


Overfull \hbox (5.00002pt too wide) in paragraph at lines 67--68
\OT1/cmr/m/n/10 0$
 []

./solution.tex:69: Undefined control sequence.
l.69 \textcolor
               {red}{
The control sequence at the end of the top line
of your error message was never \def'ed. If you have
misspelled it (e.g., `\hobx'), type `I' and the correct
spelling (e.g., `I\hbox'). Otherwise just continue,
and I'll forget about whatever was undefined.

Missing character: There is no r in font nullfont!
Missing character: There is no e in font nullfont!
Missing character: There is no d in font nullfont!
Missing character: There is no 斜 in font nullfont!
Missing character: There is no 率 in font nullfont!
Missing character: There is no 为 in font nullfont!
Missing character: There is no a in font nullfont!
Missing character: There is no / in font nullfont!
Missing character: There is no b in font nullfont!
Missing character: There is no ( in font nullfont!
Missing character: There is no ) in font nullfont!
Missing character: There is no 的 in font nullfont!
Missing character: There is no 沙 in font nullfont!
Missing character: There is no 丁 in font nullfont!
Missing character: There is no 鱼 in font nullfont!
Missing character: There is no 会 in font nullfont!
Missing character: There is no 与 in font nullfont!
Missing character: There is no 斜 in font nullfont!
Missing character: There is no 率 in font nullfont!
Missing character: There is no 为 in font nullfont!
Missing character: There is no - in font nullfont!
Missing character: There is no b in font nullfont!
Missing character: There is no / in font nullfont!
Missing character: There is no a in font nullfont!
Missing character: There is no 的 in font nullfont!
Missing character: There is no 发 in font nullfont!
Missing character: There is no 生 in font nullfont!
Missing character: There is no 腐 in font nullfont!
Missing character: There is no 化 in font nullfont!
Missing character: There is no ， in font nullfont!
Missing character: There is no 反 in font nullfont!
Missing character: There is no 之 in font nullfont!
Missing character: There is no 亦 in font nullfont!
Missing character: There is no 然 in font nullfont!

./solution.tex:76: LaTeX Error: Environment Parallel undefined.

See the LaTeX manual or LaTeX Companion for explanation.
Type  H <return>  for immediate help.
 ...                                              
                                                  
l.76 \begin{Parallel}
                     [v]{0.47\textwidth}{0.47\textwidth}
Your command was ignored.
Type  I <command> <return>  to replace it with another command,
or  <return>  to continue without it.

Missing character: There is no [ in font nullfont!
Missing character: There is no v in font nullfont!
Missing character: There is no ] in font nullfont!
Missing character: There is no 0 in font nullfont!
Missing character: There is no . in font nullfont!
Missing character: There is no 4 in font nullfont!
Missing character: There is no 7 in font nullfont!
./solution.tex:76: Missing number, treated as zero.
<to be read again> 
                   }
l.76 \begin{Parallel}[v]{0.47\textwidth}
                                        {0.47\textwidth}
A number should have been here; I inserted `0'.
(If you can't figure out why I needed to see a number,
look up `weird error' in the index to The TeXbook.)

./solution.tex:76: Illegal unit of measure (pt inserted).
<to be read again> 
                   }
l.76 \begin{Parallel}[v]{0.47\textwidth}
                                        {0.47\textwidth}
Dimensions can be in units of em, ex, in, pt, pc,
cm, mm, dd, cc, bp, or sp; but yours is a new one!
I'll assume that you meant to say pt, for printer's points.
To recover gracefully from this error, it's best to
delete the erroneous units; e.g., type `2' to delete
two letters. (See Chapter 27 of The TeXbook.)

Missing character: There is no 0 in font nullfont!
Missing character: There is no . in font nullfont!
Missing character: There is no 4 in font nullfont!
Missing character: There is no 7 in font nullfont!
./solution.tex:76: Missing number, treated as zero.
<to be read again> 
                   }
l.76 ...rallel}[v]{0.47\textwidth}{0.47\textwidth}
                                                  
A number should have been here; I inserted `0'.
(If you can't figure out why I needed to see a number,
look up `weird error' in the index to The TeXbook.)

./solution.tex:76: Illegal unit of measure (pt inserted).
<to be read again> 
                   }
l.76 ...rallel}[v]{0.47\textwidth}{0.47\textwidth}
                                                  
Dimensions can be in units of em, ex, in, pt, pc,
cm, mm, dd, cc, bp, or sp; but yours is a new one!
I'll assume that you meant to say pt, for printer's points.
To recover gracefully from this error, it's best to
delete the erroneous units; e.g., type `2' to delete
two letters. (See Chapter 27 of The TeXbook.)

./solution.tex:77: Undefined control sequence.
l.77 \ParallelLText
                   {
The control sequence at the end of the top line
of your error message was never \def'ed. If you have
misspelled it (e.g., `\hobx'), type `I' and the correct
spelling (e.g., `I\hbox'). Otherwise just continue,
and I'll forget about whatever was undefined.

Missing character: There is no た in font nullfont!
Missing character: There is no と in font nullfont!
Missing character: There is no え in font nullfont!
Missing character: There is no ば in font nullfont!
Missing character: There is no 以 in font nullfont!
Missing character: There is no 下 in font nullfont!
Missing character: There is no の in font nullfont!
Missing character: There is no 傾 in font nullfont!
Missing character: There is no き in font nullfont!
Missing character: There is no が in font nullfont!
Missing character: There is no ， in font nullfont!
Missing character: There is no 互 in font nullfont!
Missing character: There is no い in font nullfont!
Missing character: There is no に in font nullfont!
Missing character: There is no ” in font nullfont!
Missing character: There is no 仲 in font nullfont!
Missing character: There is no の in font nullfont!
Missing character: There is no 悪 in font nullfont!
Missing character: There is no い in font nullfont!
Missing character: There is no つ in font nullfont!
Missing character: There is no が in font nullfont!
Missing character: There is no い in font nullfont!
Missing character: There is no ” in font nullfont!
Missing character: There is no で in font nullfont!
Missing character: There is no す in font nullfont!
Missing character: There is no ． in font nullfont!
./solution.tex:80: Undefined control sequence.
l.80 \ParallelRText
                   {
The control sequence at the end of the top line
of your error message was never \def'ed. If you have
misspelled it (e.g., `\hobx'), type `I' and the correct
spelling (e.g., `I\hbox'). Otherwise just continue,
and I'll forget about whatever was undefined.

Missing character: There is no 例 in font nullfont!
Missing character: There is no 如 in font nullfont!
Missing character: There is no 以 in font nullfont!
Missing character: There is no 下 in font nullfont!
Missing character: There is no 几 in font nullfont!
Missing character: There is no 组 in font nullfont!
Missing character: There is no 斜 in font nullfont!
Missing character: There is no 率 in font nullfont!
Missing character: There is no 是 in font nullfont!
Missing character: There is no 相 in font nullfont!
Missing character: There is no 互 in font nullfont!
Missing character: There is no 被 in font nullfont!
Missing character: There is no 腐 in font nullfont!
Missing character: There is no 化 in font nullfont!
Missing character: There is no 的 in font nullfont!

./solution.tex:83: LaTeX Error: \begin{document} ended by \end{Parallel}.

See the LaTeX manual or LaTeX Companion for explanation.
Type  H <return>  for immediate help.
 ...                                              
                                                  
l.83 \end{Parallel}
                   
Your command was ignored.
Type  I <command> <return>  to replace it with another command,
or  <return>  to continue without it.


Overfull \hbox (20.0pt too wide) in paragraph at lines 76--84
[]
 []


Overfull \hbox (20.0pt too wide) in paragraph at lines 85--85
[][] 
 []


Overfull \hbox (55.55554pt too wide) detected at line 85
\OT1/cmr/m/n/10 1\OML/cmm/m/it/10 =\OT1/cmr/m/n/10 0 \OMS/cmsy/m/n/10  ! \OT1/cmr/m/n/10 0\OML/cmm/m/it/10 =\OT1/cmr/m/n/10 1
 []


Overfull \hbox (63.33334pt too wide) detected at line 86
\OT1/cmr/m/n/10 5\OML/cmm/m/it/10 =\OT1/cmr/m/n/10 3 \OMS/cmsy/m/n/10  ! ^^@\OT1/cmr/m/n/10 3\OML/cmm/m/it/10 =\OT1/cmr/m/n/10 5
 []


Overfull \hbox (63.33334pt too wide) detected at line 87
\OT1/cmr/m/n/10 2\OML/cmm/m/it/10 =\OT1/cmr/m/n/10 1 \OMS/cmsy/m/n/10  ! ^^@\OT1/cmr/m/n/10 1\OML/cmm/m/it/10 =\OT1/cmr/m/n/10 2
 []


./solution.tex:90: LaTeX Error: Environment Parallel undefined.

See the LaTeX manual or LaTeX Companion for explanation.
Type  H <return>  for immediate help.
 ...                                              
                                                  
l.90 \begin{Parallel}
                     [v]{0.47\textwidth}{0.48\textwidth}
Your command was ignored.
Type  I <command> <return>  to replace it with another command,
or  <return>  to continue without it.

Missing character: There is no [ in font nullfont!
Missing character: There is no v in font nullfont!
Missing character: There is no ] in font nullfont!
Missing character: There is no 0 in font nullfont!
Missing character: There is no . in font nullfont!
Missing character: There is no 4 in font nullfont!
Missing character: There is no 7 in font nullfont!
./solution.tex:90: Missing number, treated as zero.
<to be read again> 
                   }
l.90 \begin{Parallel}[v]{0.47\textwidth}
                                        {0.48\textwidth}
A number should have been here; I inserted `0'.
(If you can't figure out why I needed to see a number,
look up `weird error' in the index to The TeXbook.)

./solution.tex:90: Illegal unit of measure (pt inserted).
<to be read again> 
                   }
l.90 \begin{Parallel}[v]{0.47\textwidth}
                                        {0.48\textwidth}
Dimensions can be in units of em, ex, in, pt, pc,
cm, mm, dd, cc, bp, or sp; but yours is a new one!
I'll assume that you meant to say pt, for printer's points.
To recover gracefully from this error, it's best to
delete the erroneous units; e.g., type `2' to delete
two letters. (See Chapter 27 of The TeXbook.)

Missing character: There is no 0 in font nullfont!
Missing character: There is no . in font nullfont!
Missing character: There is no 4 in font nullfont!
Missing character: There is no 8 in font nullfont!
./solution.tex:90: Missing number, treated as zero.
<to be read again> 
                   }
l.90 ...rallel}[v]{0.47\textwidth}{0.48\textwidth}
                                                  
A number should have been here; I inserted `0'.
(If you can't figure out why I needed to see a number,
look up `weird error' in the index to The TeXbook.)

./solution.tex:90: Illegal unit of measure (pt inserted).
<to be read again> 
                   }
l.90 ...rallel}[v]{0.47\textwidth}{0.48\textwidth}
                                                  
Dimensions can be in units of em, ex, in, pt, pc,
cm, mm, dd, cc, bp, or sp; but yours is a new one!
I'll assume that you meant to say pt, for printer's points.
To recover gracefully from this error, it's best to
delete the erroneous units; e.g., type `2' to delete
two letters. (See Chapter 27 of The TeXbook.)

./solution.tex:91: Undefined control sequence.
l.91     \ParallelLText
                       {
The control sequence at the end of the top line
of your error message was never \def'ed. If you have
misspelled it (e.g., `\hobx'), type `I' and the correct
spelling (e.g., `I\hbox'). Otherwise just continue,
and I'll forget about whatever was undefined.

Missing character: There is no し in font nullfont!
Missing character: There is no た in font nullfont!
Missing character: There is no が in font nullfont!
Missing character: There is no っ in font nullfont!
Missing character: There is no て in font nullfont!
Missing character: There is no ， in font nullfont!
Missing character: There is no ” in font nullfont!
Missing character: There is no 仲 in font nullfont!
Missing character: There is no の in font nullfont!
Missing character: There is no 悪 in font nullfont!
Missing character: There is no い in font nullfont!
Missing character: There is no つ in font nullfont!
Missing character: There is no が in font nullfont!
Missing character: There is no い in font nullfont!
Missing character: There is no ” in font nullfont!
Missing character: There is no に in font nullfont!
Missing character: There is no な in font nullfont!
Missing character: There is no る in font nullfont!
Missing character: There is no 傾 in font nullfont!
Missing character: There is no き in font nullfont!
Missing character: There is no の in font nullfont!
Missing character: There is no ペ in font nullfont!
Missing character: There is no ア in font nullfont!
Missing character: There is no ( in font nullfont!
Missing character: There is no 高 in font nullfont!
Missing character: There is no 々 in font nullfont!
Missing character: There is no N in font nullfont!
Missing character: There is no 通 in font nullfont!
Missing character: There is no り in font nullfont!
Missing character: There is no ) in font nullfont!
Missing character: There is no 全 in font nullfont!
Missing character: There is no て in font nullfont!
Missing character: There is no に in font nullfont!
Missing character: There is no つ in font nullfont!
Missing character: There is no い in font nullfont!
Missing character: There is no て in font nullfont!
Missing character: There is no ， in font nullfont!
Missing character: There is no 連 in font nullfont!
Missing character: There is no 想 in font nullfont!
Missing character: There is no 配 in font nullfont!
Missing character: There is no 列 in font nullfont!
Missing character: There is no な in font nullfont!
Missing character: There is no ど in font nullfont!
Missing character: There is no を in font nullfont!
Missing character: There is no 使 in font nullfont!
Missing character: There is no っ in font nullfont!
Missing character: There is no て in font nullfont!
Missing character: There is no 各 in font nullfont!
Missing character: There is no 傾 in font nullfont!
Missing character: There is no き in font nullfont!
Missing character: There is no に in font nullfont!
Missing character: There is no な in font nullfont!
Missing character: There is no る in font nullfont!
Missing character: There is no イ in font nullfont!
Missing character: There is no ワ in font nullfont!
Missing character: There is no シ in font nullfont!
Missing character: There is no の in font nullfont!
Missing character: There is no 個 in font nullfont!
Missing character: There is no 数 in font nullfont!
Missing character: There is no が in font nullfont!
Missing character: There is no 求 in font nullfont!
Missing character: There is no ま in font nullfont!
Missing character: There is no れ in font nullfont!
Missing character: There is no ば in font nullfont!
Missing character: There is no ， in font nullfont!
Missing character: There is no そ in font nullfont!
Missing character: There is no の in font nullfont!
Missing character: There is no 後 in font nullfont!
Missing character: There is no は in font nullfont!
Missing character: There is no 基 in font nullfont!
Missing character: There is no 礎 in font nullfont!
Missing character: There is no 的 in font nullfont!
Missing character: There is no な in font nullfont!
Missing character: There is no 数 in font nullfont!
Missing character: There is no え in font nullfont!
Missing character: There is no 上 in font nullfont!
Missing character: There is no げ in font nullfont!
Missing character: There is no の in font nullfont!
Missing character: There is no 範 in font nullfont!
Missing character: There is no 疇 in font nullfont!
Missing character: There is no で in font nullfont!
Missing character: There is no す in font nullfont!
Missing character: There is no ． in font nullfont!
Missing character: There is no オ in font nullfont!
Missing character: There is no ー in font nullfont!
Missing character: There is no バ in font nullfont!
Missing character: There is no ー in font nullfont!
Missing character: There is no フ in font nullfont!
Missing character: There is no ロ in font nullfont!
Missing character: There is no ー in font nullfont!
Missing character: There is no に in font nullfont!
Missing character: There is no は in font nullfont!
Missing character: There is no 気 in font nullfont!
Missing character: There is no を in font nullfont!
Missing character: There is no 付 in font nullfont!
Missing character: There is no け in font nullfont!
Missing character: There is no て in font nullfont!
Missing character: There is no く in font nullfont!
Missing character: There is no だ in font nullfont!
Missing character: There is no さ in font nullfont!
Missing character: There is no い in font nullfont!
Missing character: There is no ． in font nullfont!
./solution.tex:94: Undefined control sequence.
l.94     \ParallelRText
                       {
The control sequence at the end of the top line
of your error message was never \def'ed. If you have
misspelled it (e.g., `\hobx'), type `I' and the correct
spelling (e.g., `I\hbox'). Otherwise just continue,
and I'll forget about whatever was undefined.

Missing character: There is no 因 in font nullfont!
Missing character: There is no 此 in font nullfont!
Missing character: There is no ， in font nullfont!
Missing character: There is no 可 in font nullfont!
Missing character: There is no 以 in font nullfont!
Missing character: There is no 使 in font nullfont!
Missing character: There is no 用 in font nullfont!
Missing character: There is no 组 in font nullfont!
Missing character: There is no 成 in font nullfont!
Missing character: There is no “ in font nullfont!
Missing character: There is no 沙 in font nullfont!
Missing character: There is no 丁 in font nullfont!
Missing character: There is no 鱼 in font nullfont!
Missing character: There is no 腐 in font nullfont!
Missing character: There is no 化 in font nullfont!
Missing character: There is no 斜 in font nullfont!
Missing character: There is no 率 in font nullfont!
Missing character: There is no 数 in font nullfont!
Missing character: There is no 对 in font nullfont!
Missing character: There is no ” in font nullfont!
Missing character: There is no （ in font nullfont!
Missing character: There is no 共 in font nullfont!
Missing character: There is no N in font nullfont!
Missing character: There is no 个 in font nullfont!
Missing character: There is no ） in font nullfont!
Missing character: There is no ， in font nullfont!
Missing character: There is no 把 in font nullfont!
Missing character: There is no 斜 in font nullfont!
Missing character: There is no 率 in font nullfont!
Missing character: There is no 出 in font nullfont!
Missing character: There is no 现 in font nullfont!
Missing character: There is no 的 in font nullfont!
Missing character: There is no 个 in font nullfont!
Missing character: There is no 数 in font nullfont!
Missing character: There is no 存 in font nullfont!
Missing character: There is no 储 in font nullfont!
Missing character: There is no 在 in font nullfont!
Missing character: There is no 关 in font nullfont!
Missing character: There is no 联 in font nullfont!
Missing character: There is no 数 in font nullfont!
Missing character: There is no 组 in font nullfont!
Missing character: There is no （ in font nullfont!
Missing character: There is no 例 in font nullfont!
Missing character: There is no 如 in font nullfont!
Missing character: There is no C in font nullfont!
Missing character: There is no + in font nullfont!
Missing character: There is no + in font nullfont!
Missing character: There is no 的 in font nullfont!
Missing character: There is no m in font nullfont!
Missing character: There is no a in font nullfont!
Missing character: There is no p in font nullfont!
Missing character: There is no 或 in font nullfont!
Missing character: There is no P in font nullfont!
Missing character: There is no y in font nullfont!
Missing character: There is no t in font nullfont!
Missing character: There is no h in font nullfont!
Missing character: There is no o in font nullfont!
Missing character: There is no n in font nullfont!
Missing character: There is no 的 in font nullfont!
Missing character: There is no d in font nullfont!
Missing character: There is no i in font nullfont!
Missing character: There is no c in font nullfont!
Missing character: There is no t in font nullfont!
Missing character: There is no ） in font nullfont!
Missing character: There is no 当 in font nullfont!
Missing character: There is no 中 in font nullfont!
Missing character: There is no ， in font nullfont!
Missing character: There is no 然 in font nullfont!
Missing character: There is no 后 in font nullfont!
Missing character: There is no 进 in font nullfont!
Missing character: There is no 行 in font nullfont!
Missing character: There is no 计 in font nullfont!
Missing character: There is no 数 in font nullfont!
Missing character: There is no 即 in font nullfont!
Missing character: There is no 可 in font nullfont!
Missing character: There is no 。 in font nullfont!
Missing character: There is no 请 in font nullfont!
Missing character: There is no 小 in font nullfont!
Missing character: There is no 心 in font nullfont!
Missing character: There is no 数 in font nullfont!
Missing character: There is no 据 in font nullfont!
Missing character: There is no 溢 in font nullfont!
Missing character: There is no 出 in font nullfont!
Missing character: There is no 。 in font nullfont!
./solution.tex:98: Undefined control sequence.
l.98     \ParallelPar
                     
The control sequence at the end of the top line
of your error message was never \def'ed. If you have
misspelled it (e.g., `\hobx'), type `I' and the correct
spelling (e.g., `I\hbox'). Otherwise just continue,
and I'll forget about whatever was undefined.

./solution.tex:99: Undefined control sequence.
l.99     \ParallelLText
                       {
The control sequence at the end of the top line
of your error message was never \def'ed. If you have
misspelled it (e.g., `\hobx'), type `I' and the correct
spelling (e.g., `I\hbox'). Otherwise just continue,
and I'll forget about whatever was undefined.

Missing character: There is no の in font nullfont!
Missing character: There is no 制 in font nullfont!
Missing character: There is no 約 in font nullfont!
Missing character: There is no が in font nullfont!
Missing character: There is no 大 in font nullfont!
Missing character: There is no き in font nullfont!
Missing character: There is no い in font nullfont!
Missing character: There is no の in font nullfont!
Missing character: There is no で in font nullfont!
Missing character: There is no ， in font nullfont!
Missing character: There is no 傾 in font nullfont!
Missing character: There is no き in font nullfont!
Missing character: There is no を in font nullfont!
Missing character: There is no 有 in font nullfont!
Missing character: There is no 理 in font nullfont!
Missing character: There is no 数 in font nullfont!
Missing character: There is no の in font nullfont!
Missing character: There is no 代 in font nullfont!
Missing character: There is no わ in font nullfont!
Missing character: There is no り in font nullfont!
Missing character: There is no に in font nullfont!
Missing character: There is no 実 in font nullfont!
Missing character: There is no 数 in font nullfont!
Missing character: There is no で in font nullfont!
Missing character: There is no 表 in font nullfont!
Missing character: There is no 現 in font nullfont!
Missing character: There is no し in font nullfont!
Missing character: There is no よ in font nullfont!
Missing character: There is no う in font nullfont!
Missing character: There is no と in font nullfont!
Missing character: There is no す in font nullfont!
Missing character: There is no る in font nullfont!
Missing character: There is no と in font nullfont!
Missing character: There is no ( in font nullfont!
Missing character: There is no l in font nullfont!
Missing character: There is no o in font nullfont!
Missing character: There is no n in font nullfont!
Missing character: There is no g in font nullfont!
Missing character: There is no d in font nullfont!
Missing character: There is no o in font nullfont!
Missing character: There is no u in font nullfont!
Missing character: There is no b in font nullfont!
Missing character: There is no l in font nullfont!
Missing character: There is no e in font nullfont!
Missing character: There is no で in font nullfont!
Missing character: There is no も in font nullfont!
Missing character: There is no ) in font nullfont!
Missing character: There is no 精 in font nullfont!
Missing character: There is no 度 in font nullfont!
Missing character: There is no が in font nullfont!
Missing character: There is no 足 in font nullfont!
Missing character: There is no り in font nullfont!
Missing character: There is no な in font nullfont!
Missing character: There is no い in font nullfont!
Missing character: There is no お in font nullfont!
Missing character: There is no そ in font nullfont!
Missing character: There is no れ in font nullfont!
Missing character: There is no が in font nullfont!
Missing character: There is no あ in font nullfont!
Missing character: There is no り in font nullfont!
Missing character: There is no ま in font nullfont!
Missing character: There is no す in font nullfont!
Missing character: There is no ． in font nullfont!
./solution.tex:102: Undefined control sequence.
l.102     \ParallelRText
                        {
The control sequence at the end of the top line
of your error message was never \def'ed. If you have
misspelled it (e.g., `\hobx'), type `I' and the correct
spelling (e.g., `I\hbox'). Otherwise just continue,
and I'll forget about whatever was undefined.

Missing character: There is no 由 in font nullfont!
Missing character: There is no 于 in font nullfont!
Missing character: There is no 此 in font nullfont!
Missing character: There is no 题 in font nullfont!
Missing character: There is no 的 in font nullfont!
Missing character: There is no 数 in font nullfont!
Missing character: There is no 值 in font nullfont!
Missing character: There is no 可 in font nullfont!
Missing character: There is no 能 in font nullfont!
Missing character: There is no 很 in font nullfont!
Missing character: There is no 大 in font nullfont!
Missing character: There is no ， in font nullfont!
Missing character: There is no 如 in font nullfont!
Missing character: There is no 果 in font nullfont!
Missing character: There is no 用 in font nullfont!
Missing character: There is no 相 in font nullfont!
Missing character: There is no 应 in font nullfont!
Missing character: There is no 的 in font nullfont!
Missing character: There is no 小 in font nullfont!
Missing character: There is no 数 in font nullfont!
Missing character: There is no 代 in font nullfont!
Missing character: There is no 替 in font nullfont!
Missing character: There is no 分 in font nullfont!
Missing character: There is no 数 in font nullfont!
Missing character: There is no ， in font nullfont!
Missing character: There is no 即 in font nullfont!
Missing character: There is no 使 in font nullfont!
Missing character: There is no 是 in font nullfont!
Missing character: There is no 用 in font nullfont!
Missing character: There is no l in font nullfont!
Missing character: There is no o in font nullfont!
Missing character: There is no n in font nullfont!
Missing character: There is no g in font nullfont!
Missing character: There is no d in font nullfont!
Missing character: There is no o in font nullfont!
Missing character: There is no u in font nullfont!
Missing character: There is no b in font nullfont!
Missing character: There is no l in font nullfont!
Missing character: There is no e in font nullfont!
Missing character: There is no 精 in font nullfont!
Missing character: There is no 度 in font nullfont!
Missing character: There is no 仍 in font nullfont!
Missing character: There is no 然 in font nullfont!
Missing character: There is no 不 in font nullfont!
Missing character: There is no 够 in font nullfont!
Missing character: There is no 。 in font nullfont!

Overfull \hbox (20.0pt too wide) in paragraph at lines 90--105
[]
 []


Overfull \hbox (33.96588pt too wide) in paragraph at lines 90--105
\OT1/cmr/m/n/10 (\OML/cmm/m/it/10 A[]; B[]\OT1/cmr/m/n/10 )$
 []


Overfull \hbox (33.96588pt too wide) in paragraph at lines 90--105
\OT1/cmr/m/n/10 (\OML/cmm/m/it/10 A[]; B[]\OT1/cmr/m/n/10 )$
 []


./solution.tex:106: LaTeX Error: \begin{document} ended by \end{Parallel}.

See the LaTeX manual or LaTeX Companion for explanation.
Type  H <return>  for immediate help.
 ...                                              
                                                  
l.106 \end{Parallel}
                    
Your command was ignored.
Type  I <command> <return>  to replace it with another command,
or  <return>  to continue without it.

./solution.tex:108: Undefined control sequence.
l.108 \lstinputlisting
                      [language=C++,numbers=left,numberstyle=\tiny,frame=sha...
The control sequence at the end of the top line
of your error message was never \def'ed. If you have
misspelled it (e.g., `\hobx'), type `I' and the correct
spelling (e.g., `I\hbox'). Otherwise just continue,
and I'll forget about whatever was undefined.

Missing character: There is no [ in font nullfont!
Missing character: There is no l in font nullfont!
Missing character: There is no a in font nullfont!
Missing character: There is no n in font nullfont!
Missing character: There is no g in font nullfont!
Missing character: There is no u in font nullfont!
Missing character: There is no a in font nullfont!
Missing character: There is no g in font nullfont!
Missing character: There is no e in font nullfont!
Missing character: There is no = in font nullfont!
Missing character: There is no C in font nullfont!
Missing character: There is no + in font nullfont!
Missing character: There is no + in font nullfont!
Missing character: There is no , in font nullfont!
Missing character: There is no n in font nullfont!
Missing character: There is no u in font nullfont!
Missing character: There is no m in font nullfont!
Missing character: There is no b in font nullfont!
Missing character: There is no e in font nullfont!
Missing character: There is no r in font nullfont!
Missing character: There is no s in font nullfont!
Missing character: There is no = in font nullfont!
Missing character: There is no l in font nullfont!
Missing character: There is no e in font nullfont!
Missing character: There is no f in font nullfont!
Missing character: There is no t in font nullfont!
Missing character: There is no , in font nullfont!
Missing character: There is no n in font nullfont!
Missing character: There is no u in font nullfont!
Missing character: There is no m in font nullfont!
Missing character: There is no b in font nullfont!
Missing character: There is no e in font nullfont!
Missing character: There is no r in font nullfont!
Missing character: There is no s in font nullfont!
Missing character: There is no t in font nullfont!
Missing character: There is no y in font nullfont!
Missing character: There is no l in font nullfont!
Missing character: There is no e in font nullfont!
Missing character: There is no = in font nullfont!
./solution.tex:108: Undefined control sequence.
l.108 ...nguage=C++,numbers=left,numberstyle=\tiny
                                                  ,frame=shadowbox,keywordst...
The control sequence at the end of the top line
of your error message was never \def'ed. If you have
misspelled it (e.g., `\hobx'), type `I' and the correct
spelling (e.g., `I\hbox'). Otherwise just continue,
and I'll forget about whatever was undefined.

Missing character: There is no , in font nullfont!
Missing character: There is no f in font nullfont!
Missing character: There is no r in font nullfont!
Missing character: There is no a in font nullfont!
Missing character: There is no m in font nullfont!
Missing character: There is no e in font nullfont!
Missing character: There is no = in font nullfont!
Missing character: There is no s in font nullfont!
Missing character: There is no h in font nullfont!
Missing character: There is no a in font nullfont!
Missing character: There is no d in font nullfont!
Missing character: There is no o in font nullfont!
Missing character: There is no w in font nullfont!
Missing character: There is no b in font nullfont!
Missing character: There is no o in font nullfont!
Missing character: There is no x in font nullfont!
Missing character: There is no , in font nullfont!
Missing character: There is no k in font nullfont!
Missing character: There is no e in font nullfont!
Missing character: There is no y in font nullfont!
Missing character: There is no w in font nullfont!
Missing character: There is no o in font nullfont!
Missing character: There is no r in font nullfont!
Missing character: There is no d in font nullfont!
Missing character: There is no s in font nullfont!
Missing character: There is no t in font nullfont!
Missing character: There is no y in font nullfont!
Missing character: There is no l in font nullfont!
Missing character: There is no e in font nullfont!
Missing character: There is no = in font nullfont!
./solution.tex:108: Undefined control sequence.
l.108 ...\tiny,frame=shadowbox,keywordstyle=\color
                                                  {blue!70}]{resources/sardi...
The control sequence at the end of the top line
of your error message was never \def'ed. If you have
misspelled it (e.g., `\hobx'), type `I' and the correct
spelling (e.g., `I\hbox'). Otherwise just continue,
and I'll forget about whatever was undefined.

Missing character: There is no b in font nullfont!
Missing character: There is no l in font nullfont!
Missing character: There is no u in font nullfont!
Missing character: There is no e in font nullfont!
Missing character: There is no ! in font nullfont!
Missing character: There is no 7 in font nullfont!
Missing character: There is no 0 in font nullfont!
Missing character: There is no ] in font nullfont!
Missing character: There is no r in font nullfont!
Missing character: There is no e in font nullfont!
Missing character: There is no s in font nullfont!
Missing character: There is no o in font nullfont!
Missing character: There is no u in font nullfont!
Missing character: There is no r in font nullfont!
Missing character: There is no c in font nullfont!
Missing character: There is no e in font nullfont!
Missing character: There is no s in font nullfont!
Missing character: There is no / in font nullfont!
Missing character: There is no s in font nullfont!
Missing character: There is no a in font nullfont!
Missing character: There is no r in font nullfont!
Missing character: There is no d in font nullfont!
Missing character: There is no i in font nullfont!
Missing character: There is no n in font nullfont!
Missing character: There is no e in font nullfont!
Missing character: There is no s in font nullfont!
Missing character: There is no / in font nullfont!
Missing character: There is no M in font nullfont!
Missing character: There is no a in font nullfont!
Missing character: There is no i in font nullfont!
Missing character: There is no n in font nullfont!
Missing character: There is no . in font nullfont!
Missing character: There is no c in font nullfont!
Missing character: There is no p in font nullfont!
Missing character: There is no p in font nullfont!

Overfull \hbox (20.0pt too wide) in paragraph at lines 108--109
[] 
 []

)
! Emergency stop.
<*> solution
            
*** (job aborted, no legal \end found)

 
Here is how much of TeX's memory you used:
 9 strings out of 492472
 101 string characters out of 6123813
 69455 words of memory out of 5000000
 4603 multiletter control sequences out of 15000+600000
 3640 words of font info for 14 fonts, out of 8000000 for 9000
 1348 hyphenation exceptions out of 8191
 18i,4n,12p,234b,80s stack positions out of 5000i,500n,10000p,200000b,80000s
No pages of output.
